<?xml version="1.0" encoding="UTF-8"?>
<!-- Generated by org.testng.reporters.JUnitReportReporter -->
<testsuite skipped="0" hostname="DESKTOP-ITI4Q2B" name="testFrontend.moderatorTest" tests="1" failures="0" timestamp="2022-10-10T10:36:22 CEST" time="7.233" errors="0">
  <testcase name="homeLinl" time="7.233" classname="testFrontend.moderatorTest"/>
  <system-out/>
</testsuite> <!-- testFrontend.moderatorTest -->
