<?xml version="1.0" encoding="UTF-8"?>
<!-- Generated by org.testng.reporters.JUnitReportReporter -->
<testsuite skipped="0" hostname="DESKTOP-ITI4Q2B" name="testFrontend.homeTest" tests="1" failures="0" timestamp="2022-10-10T10:22:25 CEST" time="6.780" errors="0">
  <testcase name="logoutButton" time="6.780" classname="testFrontend.homeTest"/>
  <system-out/>
</testsuite> <!-- testFrontend.homeTest -->
