<?xml version="1.0" encoding="UTF-8"?>
<!-- Generated by org.testng.reporters.JUnitReportReporter -->
<testsuite skipped="0" hostname="DESKTOP-ITI4Q2B" name="testFrontend.ThreadTest" tests="2" failures="0" timestamp="2022-10-10T15:24:44 CEST" time="11.117" errors="0">
  <testcase name="logoutButton" time="3.892" classname="testFrontend.ThreadTest"/>
  <system-out/>
  <testcase name="homeLinl" time="7.225" classname="testFrontend.ThreadTest"/>
  <system-out/>
</testsuite> <!-- testFrontend.ThreadTest -->
