<?xml version="1.0" encoding="UTF-8"?>
<!-- Generated by org.testng.reporters.JUnitReportReporter -->
<testsuite skipped="0" hostname="DESKTOP-ITI4Q2B" name="testFrontend.loginTest" tests="4" failures="0" timestamp="2022-10-10T10:16:40 CEST" time="19.009" errors="0">
  <testcase name="noLoginWithoutCredentials" time="3.815" classname="testFrontend.loginTest"/>
  <system-out/>
  <testcase name="headerText" time="7.142" classname="testFrontend.loginTest"/>
  <system-out/>
  <testcase name="registerLink" time="3.962" classname="testFrontend.loginTest"/>
  <system-out/>
  <testcase name="withoutRegisterLink" time="4.090" classname="testFrontend.loginTest"/>
  <system-out/>
</testsuite> <!-- testFrontend.loginTest -->
