<?xml version="1.0" encoding="UTF-8"?>
<!-- Generated by org.testng.reporters.JUnitReportReporter -->
<testsuite skipped="0" hostname="DESKTOP-ITI4Q2B" name="testFrontend.NewPostBodyTest" tests="2" failures="0" timestamp="2022-10-10T16:10:46 CEST" time="10.967" errors="0">
  <testcase name="selectDefaul" time="3.791" classname="testFrontend.NewPostBodyTest"/>
  <system-out/>
  <testcase name="homeLink" time="7.176" classname="testFrontend.NewPostBodyTest"/>
  <system-out/>
</testsuite> <!-- testFrontend.NewPostBodyTest -->
