<?xml version="1.0" encoding="UTF-8"?>
<!-- Generated by org.testng.reporters.JUnitReportReporter -->
<testsuite skipped="0" hostname="DESKTOP-ITI4Q2B" name="testFrontend.NewPostTitleTest" tests="1" failures="0" timestamp="2022-10-10T15:37:57 CEST" time="7.392" errors="0">
  <testcase name="homeLinl" time="7.392" classname="testFrontend.NewPostTitleTest"/>
  <system-out/>
</testsuite> <!-- testFrontend.NewPostTitleTest -->
